-----------------------------------------------------------------------------------------------------------------------------------
      name:   <DETERMINANTS OF MULTIPLE SEXUAL PARTNERSHIP AMONG UNDERGRADUATE STUDENT OF OAU>
       log:  C:\Users\HP\Documents\DATA ANALYSIS\STATA\MY PROJECT\STATA_ANALYSIS-OUTPUT ON D_MSP(Univirate & Bivarate).log
  log type:  text
 opened on:  23 Aug 2021, 08:36:29

.         set more off

. *>>>>>>>>>>>>>>>>>>>>>>>>>>>>>>>>>>>>>>>>>>>>>>>>>>>>>>>>>>
. 
. 
. *UNIVIRATE ANALYSIS
. 
.         tab Gender

  Gender of |
respondents |      Freq.     Percent        Cum.
------------+-----------------------------------
       Male |        151       60.40       60.40
     Female |         99       39.60      100.00
------------+-----------------------------------
      Total |        250      100.00

.         sum Age,detail

                     Age of respondents
-------------------------------------------------------------
      Percentiles      Smallest
 1%           17             17
 5%           18             17
10%           19             17       Obs                 250
25%           20             18       Sum of Wgt.         250

50%           22                      Mean              22.86
                        Largest       Std. Dev.      3.290549
75%           25             32
90%           27             33       Variance       10.82771
95%           29             34       Skewness       .8138852
99%           33             36       Kurtosis        3.75856

.         tab agegroup

    agegroup |      Freq.     Percent        Cum.
-------------+-----------------------------------
       17-21 |         30       12.00       12.00
       22-26 |        144       57.60       69.60
27 and above |         76       30.40      100.00
-------------+-----------------------------------
       Total |        250      100.00

.         tab Religion

 Religion of |
 respondents |      Freq.     Percent        Cum.
-------------+-----------------------------------
     Islamic |         90       36.00       36.00
Christianity |        156       62.40       98.40
 Traditional |          4        1.60      100.00
-------------+-----------------------------------
       Total |        250      100.00

.         tab Attachment_religion

        Respondents religion attachment |      Freq.     Percent        Cum.
----------------------------------------+-----------------------------------
Frequently attends (more than twice in  |        178       71.20       71.20
Occasionally attends (less than or equa |         72       28.80      100.00
----------------------------------------+-----------------------------------
                                  Total |        250      100.00

.         tab Living_arrangement

     Living |
arrangement |      Freq.     Percent        Cum.
------------+-----------------------------------
     Campus |         86       34.40       34.40
 Off-campus |        164       65.60      100.00
------------+-----------------------------------
      Total |        250      100.00

.         tab Living_with

 Whom do you live |
             with |      Freq.     Percent        Cum.
------------------+-----------------------------------
  Parent/Relative |         36       14.40       14.40
Friends/Roommates |        128       51.20       65.60
           Spouse |          7        2.80       68.40
       Cohabiting |          5        2.00       70.40
           Alone. |         74       29.60      100.00
------------------+-----------------------------------
            Total |        250      100.00

.         tab Reason_for_living

            Reason for living with them |      Freq.     Percent        Cum.
----------------------------------------+-----------------------------------
                          Accommodation |          1        0.40        0.40
                 Am mature enough to do |          1        0.40        0.80
As per roommate we can't  choose who .. |          1        0.40        1.20
Bcus I can't afford the house rent al.. |          1        0.40        1.60
   Because I'm an OAU student currently |          1        0.40        2.00
                  Because I'm in school |          1        0.40        2.40
               Because I'm still single |          1        0.40        2.80
               Because am no more a kid |          1        0.40        3.20
  Because i can't afford the rent alone |          1        0.40        3.60
          Because i enjoy my alone time |          1        0.40        4.00
                    Because i feel like |          1        0.40        4.40
                      Because i love to |          1        0.40        4.80
             Because i want to be alone |          1        0.40        5.20
     Because of privacy and convinience |          1        0.40        5.60
                      Because of school |          1        0.40        6.00
Because of the financial challenge, a.. |          1        0.40        6.40
             Because they are my parent |          1        0.40        6.80
Because they are my parent and they r.. |          1        0.40        7.20
 Because we are in the same department. |          1        0.40        7.60
                 Because we are related |          1        0.40        8.00
                Because we are roommate |          1        0.40        8.40
    Because we collected house together |          1        0.40        8.80
                  Because we're friends |          1        0.40        9.20
                             Because... |          1        0.40        9.60
                        Best know to me |          1        0.40       10.00
                                Brother |          1        0.40       10.40
                            Campus life |          1        0.40       10.80
                       Campus lifestyle |          1        0.40       11.20
       Cannot bear to live with someone |          1        0.40       11.60
        Cause i have an apartment off k |          1        0.40       12.00
Cause i'm in hostel & there is no cho.. |          1        0.40       12.40
              Cause there are my parent |          1        0.40       12.80
Cause where I stay is a bit distant t.. |          1        0.40       13.20
                          Companionship |          1        0.40       13.60
                             Conditions |          1        0.40       14.00
                          Conditions oo |          1        0.40       14.40
                            Course mate |          1        0.40       14.80
                              Dependent |          1        0.40       15.20
                              Depending |          1        0.40       15.60
                   FINANCE & INSECURITY |          1        0.40       16.00
                                 Family |          5        2.00       18.00
                          Family friend |          1        0.40       18.40
                                Finance |          1        0.40       18.80
                          For enjoyment |          1        0.40       19.20
                            For privacy |          3        1.20       20.40
                                 Friend |          1        0.40       20.80
                                Friends |          1        0.40       21.20
                             Friendship |          4        1.60       22.80
                     Got no other place |          1        0.40       23.20
                         HE IS A FRIEND |          1        0.40       23.60
                       He is my brother |          1        0.40       24.00
                    He is my coursemate |          1        0.40       24.40
                        He is my friend |          2        0.80       25.20
                       He is my husband |          1        0.40       25.60
                        He's my husband |          1        0.40       26.00
                                 Hostel |         10        4.00       30.00
Hostel mates are necessary since its .. |          1        0.40       30.40
                       I Am from ife... |          1        0.40       30.80
I also like to be alone, i don't have.. |          1        0.40       31.20
I am currently living with my roommat.. |          1        0.40       31.60
I am living with my roommates because.. |          1        0.40       32.00
          I am still in school studying |          1        0.40       32.40
      I can conveniently support myself |          1        0.40       32.80
I can't afford to rent an apartment a.. |          1        0.40       33.20
                I can't just live alone |          1        0.40       33.60
  I did not get accommodation on campus |          1        0.40       34.00
         I don't have a specific reason |          1        0.40       34.40
I don't like to stay alone, and my pa.. |          1        0.40       34.80
                  I don't want roommate |          1        0.40       35.20
              I don't want to be lonely |          1        0.40       35.60
                  I got space on campus |          1        0.40       36.00
                        I had no choice |          1        0.40       36.40
I have compulsory roommates as a host.. |          1        0.40       36.80
                       I just feel like |          1        0.40       37.20
                         I just want to |          1        0.40       37.60
         I like to live alone in school |          1        0.40       38.00
 I live alone because I love my privacy |          1        0.40       38.40
I live in an hostel with 3 people per.. |          1        0.40       38.80
                     I love and want it |          1        0.40       39.20
I love him so we decide to stay toget.. |          1        0.40       39.60
                              I love it |          1        0.40       40.00
           I love my individual privacy |          1        0.40       40.40
                      I love my privacy |          2        0.80       41.20
                     I love my roommate |          1        0.40       41.60
                         I love privacy |          1        0.40       42.00
                   I love staying alone |          1        0.40       42.40
                         I need privacy |          1        0.40       42.80
                  I prefer living alone |          1        0.40       43.20
I prefer to stay with friends rather .. |          1        0.40       43.60
                           I stay alone |          1        0.40       44.00
 I use him even though he is an asshole |          1        0.40       44.40
                     I value my privacy |          1        0.40       44.80
I'm leaving alone because I?m in scho.. |          1        0.40       45.20
I'm leaving with her because we got t.. |          1        0.40       45.60
I'm living alone because i love and e.. |          1        0.40       46.00
I'm living with him because he's a cl.. |          1        0.40       46.40
I'm living with my parent because of .. |          1        0.40       46.80
            I'm living with my roommate |          1        0.40       47.20
             I'm staying with my parent |          1        0.40       47.60
                            Independent |          2        0.80       48.40
                    Is because of money |          1        0.40       48.80
           It is difficult to get space |          1        0.40       49.20
                     It's school hostel |          1        0.40       49.60
                  Just like being alone |          1        0.40       50.00
                           Just love it |          1        0.40       50.40
                       Likes each other |          1        0.40       50.80
    Living alone because I love privacy |          1        0.40       51.20
              Living with mummy & daddy |          1        0.40       51.60
                             Long story |          1        0.40       52.00
                                   Love |          2        0.80       52.80
                                 Lovers |          1        0.40       53.20
                               Marriage |          3        1.20       54.40
                                Married |          1        0.40       54.80
                                  Money |          1        0.40       55.20
                            My decision |          1        0.40       55.60
     My mummy want me to live with them |          1        0.40       56.00
                             My parents |          1        0.40       56.40
                     My personal reason |          1        0.40       56.80
                                    Nil |         14        5.60       62.40
                              No answer |          1        0.40       62.80
                 No money to live alone |          1        0.40       63.20
                                 No one |          1        0.40       63.60
                              No reason |          2        0.80       64.40
     No roommate yet till next semester |          1        0.40       64.80
                                   None |          1        0.40       65.20
         Not enough money to live alone |          1        0.40       65.60
                     Not to feel lonely |          1        0.40       66.00
                                Nothing |          6        2.40       68.40
                                 Parent |          1        0.40       68.80
                             Parenthood |          3        1.20       70.00
                            Partnership |          1        0.40       70.40
                       Personal reasons |          1        0.40       70.80
                                Privacy |         19        7.60       78.40
                                 Safety |          1        0.40       78.80
                        Same department |          1        0.40       79.20
Sch authority paired us together in h.. |          1        0.40       79.60
                                 School |          2        0.80       80.40
                       School as choose |          1        0.40       80.80
                          School hostel |          2        0.80       81.60
                 School hostel roommate |          1        0.40       82.00
                    School hostel rules |          1        0.40       82.40
                    School hostel setup |          1        0.40       82.80
                            School mate |          1        0.40       83.20
                              Schooling |          1        0.40       83.60
                   She is my friend duh |          1        0.40       84.00
    She is my sister and i like company |          1        0.40       84.40
She is the one of the best people i m.. |          1        0.40       84.80
                         She needs help |          1        0.40       85.20
She''s my friend and  i can't live al.. |          1        0.40       85.60
   So my girlfriend can be free to come |          1        0.40       86.00
                   So we can share rent |          1        0.40       86.40
                          Social custom |          1        0.40       86.80
                                 Spouse |          1        0.40       87.20
               Staying in school hostel |          1        0.40       87.60
                                Student |          1        0.40       88.00
        That's my preferred arrangement |          1        0.40       88.40
The structure of the hostel ( mainten.. |          1        0.40       88.80
There's no other place for him to sta.. |          1        0.40       89.20
                     They are my family |          1        0.40       89.60
                    They are my friends |          1        0.40       90.00
                     They are my parent |          2        0.80       90.80
                   They are my parents. |          2        0.80       91.60
                   They are my roommate |          1        0.40       92.00
   They are the roommate school gave me |          1        0.40       92.40
                   They are y relatives |          1        0.40       92.80
             To avoid roommates trouble |          1        0.40       93.20
To help interact with regards to help.. |          1        0.40       93.60
                  To protect my privacy |          1        0.40       94.00
                           To save cost |          1        0.40       94.40
To save the cost of having rent house.. |          1        0.40       94.80
             To split the money in half |          1        0.40       95.20
                         We are brother |          1        0.40       95.60
                         We are friends |          2        0.80       96.40
   We are friends of the same character |          1        0.40       96.80
          We are sent out of the campus |          1        0.40       97.20
                    We became roommates |          1        0.40       97.60
              We collect house together |          1        0.40       98.00
We need to help ourselves, care & sha.. |          1        0.40       98.40
             We're friends/course mates |          1        0.40       98.80
                                    Yes |          2        0.80       99.60
                we have value in common |          1        0.40      100.00
----------------------------------------+-----------------------------------
                                  Total |        250      100.00

.         tab Marital_status

    Marital |
  status of |
respondents |      Freq.     Percent        Cum.
------------+-----------------------------------
     Single |        236       94.40       94.40
    Married |         14        5.60      100.00
------------+-----------------------------------
      Total |        250      100.00

.         tab Undergraduate_MSP

Undergradua |
     te msp |      Freq.     Percent        Cum.
------------+-----------------------------------
         No |        194       77.60       77.60
        Yes |         56       22.40      100.00
------------+-----------------------------------
      Total |        250      100.00

.         tab Financial_income

  Financial income |      Freq.     Percent        Cum.
-------------------+-----------------------------------
   Less-than #5000 |         62       24.80       24.80
Greater-than #5000 |        188       75.20      100.00
-------------------+-----------------------------------
             Total |        250      100.00

.         tab Source_of_income

    Where did your |
 income comes from |      Freq.     Percent        Cum.
-------------------+-----------------------------------
             Labor |         81       32.40       32.40
 Parent/relatives. |        169       67.60      100.00
-------------------+-----------------------------------
             Total |        250      100.00

.         tab How_frequent

        How |
frequent do |
your income |
   comes in |      Freq.     Percent        Cum.
------------+-----------------------------------
     Stable |        150       60.00       60.00
   Unstable |        100       40.00      100.00
------------+-----------------------------------
      Total |        250      100.00

.         tab Transactional_sex

   Have you |
       been |
   exchange |
    gift or |
  money for |
        sex |      Freq.     Percent        Cum.
------------+-----------------------------------
         No |        213       85.20       85.20
        Yes |         37       14.80      100.00
------------+-----------------------------------
      Total |        250      100.00

.         tab Friends_engagement_in_MSP

How many of |
       your |
    friends |
  engage in |
        msp |      Freq.     Percent        Cum.
------------+-----------------------------------
       None |         82       32.80       32.80
       Many |         81       32.40       65.20
        Few |         87       34.80      100.00
------------+-----------------------------------
      Total |        250      100.00

.         tab MSP_in_school

Is it moral |
  to engage |
     in msp |
   while in |
     school |      Freq.     Percent        Cum.
------------+-----------------------------------
         No |         86       34.40       34.40
        Yes |        164       65.60      100.00
------------+-----------------------------------
      Total |        250      100.00

.         tab Had_sexual_intercourse

   Have you |
   ever had |
     sexual |
intercourse |      Freq.     Percent        Cum.
------------+-----------------------------------
         No |        110       44.00       44.00
        Yes |        140       56.00      100.00
------------+-----------------------------------
      Total |        250      100.00

.         sum Age_at_sexual_debut,detail

                  Age at sexual intercourse
-------------------------------------------------------------
      Percentiles      Smallest
 1%           11              7
 5%           13             11
10%           15             12       Obs                 140
25%           16             12       Sum of Wgt.         140

50%           18                      Mean               18.4
                        Largest       Std. Dev.      3.220438
75%           20             25
90%           22             25       Variance       10.37122
95%         24.5             26       Skewness      -.0447214
99%           26             28       Kurtosis       4.059689

.         tab agecat_of_sexual_intercourse

Agecategory |
  of sexual |
intercourse |      Freq.     Percent        Cum.
------------+-----------------------------------
      Early |         90       64.29       64.29
       Late |         50       35.71      100.00
------------+-----------------------------------
      Total |        140      100.00

.         tab Who_was_the_person

With whom do you had |
  sexual intercourse |
                with |      Freq.     Percent        Cum.
---------------------+-----------------------------------
              Spouse |         10        7.14        7.14
Boyfriend/Girlfriend |        128       91.43       98.57
               Other |          2        1.43      100.00
---------------------+-----------------------------------
               Total |        140      100.00

.         tab msp_kpi

Outcome/Dep |
     endent |
   variable |      Freq.     Percent        Cum.
------------+-----------------------------------
         No |        193       77.20       77.20
        Yes |         57       22.80      100.00
------------+-----------------------------------
      Total |        250      100.00

.         
. 
. *>>>>>>>>>>>>>>>>>>>>>>>>>>>>>>>>>>>>>>>>>>>>>>>>>>>>>>>>>>
. 
. *BIVIRATE ANALYSIS
. 
.         tab agecat_of_sexual_intercourse msp_kpi,r chi

+----------------+
| Key            |
|----------------|
|   frequency    |
| row percentage |
+----------------+

Agecategor |
      y of |
    sexual |   Outcome/Dependent
intercours |       variable
         e |        No        Yes |     Total
-----------+----------------------+----------
     Early |        43         47 |        90 
           |     47.78      52.22 |    100.00 
-----------+----------------------+----------
      Late |        40         10 |        50 
           |     80.00      20.00 |    100.00 
-----------+----------------------+----------
     Total |        83         57 |       140 
           |     59.29      40.71 |    100.00 

          Pearson chi2(1) =  13.8261   Pr = 0.000

.         tab Marital_status msp_kpi , r chi

+----------------+
| Key            |
|----------------|
|   frequency    |
| row percentage |
+----------------+

   Marital |
 status of |   Outcome/Dependent
respondent |       variable
         s |        No        Yes |     Total
-----------+----------------------+----------
    Single |       180         56 |       236 
           |     76.27      23.73 |    100.00 
-----------+----------------------+----------
   Married |        13          1 |        14 
           |     92.86       7.14 |    100.00 
-----------+----------------------+----------
     Total |       193         57 |       250 
           |     77.20      22.80 |    100.00 

          Pearson chi2(1) =   2.0655   Pr = 0.151

.         tab Religion msp_kpi , r chi

+----------------+
| Key            |
|----------------|
|   frequency    |
| row percentage |
+----------------+

             |   Outcome/Dependent
 Religion of |       variable
 respondents |        No        Yes |     Total
-------------+----------------------+----------
     Islamic |        71         19 |        90 
             |     78.89      21.11 |    100.00 
-------------+----------------------+----------
Christianity |       119         37 |       156 
             |     76.28      23.72 |    100.00 
-------------+----------------------+----------
 Traditional |         3          1 |         4 
             |     75.00      25.00 |    100.00 
-------------+----------------------+----------
       Total |       193         57 |       250 
             |     77.20      22.80 |    100.00 

          Pearson chi2(2) =   0.2315   Pr = 0.891

.         tab Financial_income msp_kpi, r chi

+----------------+
| Key            |
|----------------|
|   frequency    |
| row percentage |
+----------------+

                   |   Outcome/Dependent
                   |       variable
  Financial income |        No        Yes |     Total
-------------------+----------------------+----------
   Less-than #5000 |        48         14 |        62 
                   |     77.42      22.58 |    100.00 
-------------------+----------------------+----------
Greater-than #5000 |       145         43 |       188 
                   |     77.13      22.87 |    100.00 
-------------------+----------------------+----------
             Total |       193         57 |       250 
                   |     77.20      22.80 |    100.00 

          Pearson chi2(1) =   0.0023   Pr = 0.962

.         tab Living_arrangement msp_kpi , r chi

+----------------+
| Key            |
|----------------|
|   frequency    |
| row percentage |
+----------------+

    Living |   Outcome/Dependent
arrangemen |       variable
         t |        No        Yes |     Total
-----------+----------------------+----------
    Campus |        73         13 |        86 
           |     84.88      15.12 |    100.00 
-----------+----------------------+----------
Off-campus |       120         44 |       164 
           |     73.17      26.83 |    100.00 
-----------+----------------------+----------
     Total |       193         57 |       250 
           |     77.20      22.80 |    100.00 

          Pearson chi2(1) =   4.3973   Pr = 0.036

.         tab Gender msp_kpi, r chi

+----------------+
| Key            |
|----------------|
|   frequency    |
| row percentage |
+----------------+

 Gender of |   Outcome/Dependent
respondent |       variable
         s |        No        Yes |     Total
-----------+----------------------+----------
      Male |       114         37 |       151 
           |     75.50      24.50 |    100.00 
-----------+----------------------+----------
    Female |        79         20 |        99 
           |     79.80      20.20 |    100.00 
-----------+----------------------+----------
     Total |       193         57 |       250 
           |     77.20      22.80 |    100.00 

          Pearson chi2(1) =   0.6285   Pr = 0.428

. 
. *>>>>>>>>>>>>>>>>>>>>>>>>>>>>>>>>>>>>>>>>>>>>>>>>>>>>>>>>>>
. log close
      name:   <DETERMINANTS OF MULTIPLE SEXUAL PARTNERSHIP AMONG UNDERGRADUATE STUDENT OF OAU>
       log:  C:\Users\HP\Documents\DATA ANALYSIS\STATA\MY PROJECT\STATA_ANALYSIS-OUTPUT ON D_MSP(Univirate & Bivarate).log
  log type:  text
 closed on:   23 Aug 2021, 08:36:42
-----------------------------------------------------------------------------------------------------------------------------------
